<?xml version="1.0" encoding="UTF-8"?>
<!-- Generated by org.testng.reporters.JUnitReportReporter -->
<testsuite skipped="0" hostname="DESKTOP-HLAKMTS" name="com.ovo.app.OVOLogin.LoginFlowTest" tests="1" failures="0" timestamp="18 Aug 2019 14:17:47 GMT" time="40.991" errors="0">
  <testcase name="loginFlow" time="40.991" classname="com.ovo.app.OVOLogin.LoginFlowTest"/>
</testsuite> <!-- com.ovo.app.OVOLogin.LoginFlowTest -->
