<?xml version="1.0" encoding="UTF-8"?>
<!-- Generated by org.testng.reporters.JUnitReportReporter -->
<testsuite skipped="0" hostname="DESKTOP-HLAKMTS" name="com.ovo.app.OVOLogin.LoginFlowTest" tests="1" failures="0" timestamp="18 Aug 2019 09:44:34 GMT" time="43.371" errors="0">
  <testcase name="loginFlow" time="43.371" classname="com.ovo.app.OVOLogin.LoginFlowTest"/>
</testsuite> <!-- com.ovo.app.OVOLogin.LoginFlowTest -->
